#
# There is insufficient memory for the Java Runtime Environment to continue.
# Native memory allocation (malloc) failed to allocate 1295904 bytes. Error detail: Chunk::new
# Possible reasons:
#   The system is out of physical RAM or swap space
#   This process is running with CompressedOops enabled, and the Java Heap may be blocking the growth of the native heap
# Possible solutions:
#   Reduce memory load on the system
#   Increase physical memory or swap space
#   Check if swap backing store is full
#   Decrease Java heap size (-Xmx/-Xms)
#   Decrease number of Java threads
#   Decrease Java thread stack sizes (-Xss)
#   Set larger code cache with -XX:ReservedCodeCacheSize=
#   JVM is running with Unscaled Compressed Oops mode in which the Java heap is
#     placed in the first 4GB address space. The Java Heap base address is the
#     maximum limit for the native heap growth. Please use -XX:HeapBaseMinAddress
#     to set the Java Heap base and to place the Java Heap above 4GB virtual address.
# This output file may be truncated or incomplete.
#
#  Out of Memory Error (arena.cpp:149), pid=21496, tid=25120
#
# JRE version: OpenJDK Runtime Environment Temurin-23+37 (23.0+37) (build 23+37)
# Java VM: OpenJDK 64-Bit Server VM Temurin-23+37 (23+37, mixed mode, sharing, tiered, compressed oops, compressed class ptrs, g1 gc, windows-amd64)
# No core dump will be written. Minidumps are not enabled by default on client versions of Windows
#

---------------  S U M M A R Y ------------

Command Line: C:\Users\lenovo\AppData\Local\Temp\surefire2475979346510745473\surefirebooter-20250516163313523_3.jar C:\Users\lenovo\AppData\Local\Temp\surefire2475979346510745473 2025-05-16T16-33-11_782-jvmRun1 surefire-20250516163313523_1tmp surefire_0-20250516163313523_2tmp

Host: AMD Ryzen 5 5500U with Radeon Graphics         , 12 cores, 5G,  Windows 10 , 64 bit Build 19041 (10.0.19041.5794)
Time: Fri May 16 16:33:16 2025 India Standard Time elapsed time: 2.651366 seconds (0d 0h 0m 2s)

---------------  T H R E A D  ---------------

Current thread (0x000002652e8671c0):  JavaThread "C2 CompilerThread0" daemon [_thread_in_native, id=25120, stack(0x0000007af3000000,0x0000007af3100000) (1024K)]


Current CompileTask:
C2:2651 2371       4       java.lang.invoke.MethodType::makeImpl (109 bytes)

Stack: [0x0000007af3000000,0x0000007af3100000]
Native frames: (J=compiled Java code, j=interpreted, Vv=VM code, C=native code)
V  [jvm.dll+0x6e8c69]  (no source info available)
V  [jvm.dll+0x8d9073]  (no source info available)
V  [jvm.dll+0x8db4fe]  (no source info available)
V  [jvm.dll+0x8dbbd3]  (no source info available)
V  [jvm.dll+0x281aa6]  (no source info available)
V  [jvm.dll+0xbbb0f]  (no source info available)
V  [jvm.dll+0xbbd6b]  (no source info available)
V  [jvm.dll+0x3b9ecc]  (no source info available)
V  [jvm.dll+0x1e1bfc]  (no source info available)
V  [jvm.dll+0x24ae25]  (no source info available)
V  [jvm.dll+0x24a03f]  (no source info available)
V  [jvm.dll+0x1c8ea0]  (no source info available)
V  [jvm.dll+0x25a13e]  (no source info available)
V  [jvm.dll+0x25840a]  (no source info available)
V  [jvm.dll+0x3f4706]  (no source info available)
V  [jvm.dll+0x88026b]  (no source info available)
V  [jvm.dll+0x6e7475]  (no source info available)
C  [ucrtbase.dll+0x21bb2]  (no source info available)
C  [KERNEL32.DLL+0x17374]  (no source info available)
C  [ntdll.dll+0x4cc91]  (no source info available)

Lock stack of current Java thread (top to bottom):


---------------  P R O C E S S  ---------------

Threads class SMR info:
_java_thread_list=0x0000026574c35eb0, length=15, elements={
0x000002651487ec70, 0x000002652e84a7f0, 0x000002652e84b230, 0x000002652e851c40,
0x000002652e854610, 0x000002652e860ca0, 0x000002652e863320, 0x000002652e8671c0,
0x000002652e868670, 0x000002652e9ad3a0, 0x000002652e9af230, 0x00000265741eb040,
0x00000265742026a0, 0x0000026574f12350, 0x0000026574fa3bf0
}

Java Threads: ( => current thread )
  0x000002651487ec70 JavaThread "main"                              [_thread_blocked, id=27576, stack(0x0000007af2200000,0x0000007af2300000) (1024K)]
  0x000002652e84a7f0 JavaThread "Reference Handler"          daemon [_thread_blocked, id=44144, stack(0x0000007af2a00000,0x0000007af2b00000) (1024K)]
  0x000002652e84b230 JavaThread "Finalizer"                  daemon [_thread_blocked, id=20716, stack(0x0000007af2b00000,0x0000007af2c00000) (1024K)]
  0x000002652e851c40 JavaThread "Signal Dispatcher"          daemon [_thread_blocked, id=26520, stack(0x0000007af2c00000,0x0000007af2d00000) (1024K)]
  0x000002652e854610 JavaThread "Attach Listener"            daemon [_thread_blocked, id=15128, stack(0x0000007af2d00000,0x0000007af2e00000) (1024K)]
  0x000002652e860ca0 JavaThread "Service Thread"             daemon [_thread_blocked, id=42496, stack(0x0000007af2e00000,0x0000007af2f00000) (1024K)]
  0x000002652e863320 JavaThread "Monitor Deflation Thread"   daemon [_thread_blocked, id=18988, stack(0x0000007af2f00000,0x0000007af3000000) (1024K)]
=>0x000002652e8671c0 JavaThread "C2 CompilerThread0"         daemon [_thread_in_native, id=25120, stack(0x0000007af3000000,0x0000007af3100000) (1024K)]
  0x000002652e868670 JavaThread "C1 CompilerThread0"         daemon [_thread_blocked, id=10160, stack(0x0000007af3100000,0x0000007af3200000) (1024K)]
  0x000002652e9ad3a0 JavaThread "Notification Thread"        daemon [_thread_blocked, id=29240, stack(0x0000007af3200000,0x0000007af3300000) (1024K)]
  0x000002652e9af230 JavaThread "Common-Cleaner"             daemon [_thread_blocked, id=25768, stack(0x0000007af3300000,0x0000007af3400000) (1024K)]
  0x00000265741eb040 JavaThread "surefire-forkedjvm-stream-flusher" daemon [_thread_blocked, id=46340, stack(0x0000007af3400000,0x0000007af3500000) (1024K)]
  0x00000265742026a0 JavaThread "surefire-forkedjvm-command-thread" daemon [_thread_in_native, id=46692, stack(0x0000007af3500000,0x0000007af3600000) (1024K)]
  0x0000026574f12350 JavaThread "TestNG-test-UI Automation Test-1"        [_thread_in_native, id=38616, stack(0x0000007af3f00000,0x0000007af4000000) (1024K)]
  0x0000026574fa3bf0 JavaThread "External Process Output Forwarder - C:\Users\lenovo\.cache\selenium\manager\0.4.31\selenium-manager.exe" daemon [_thread_in_native, id=23264, stack(0x0000007af4000000,0x0000007af4100000) (1024K)]
Total: 15

Other Threads:
  0x000002652e834af0 VMThread "VM Thread"                           [id=42968, stack(0x0000007af2900000,0x0000007af2a00000) (1024K)]
  0x000002652e8221e0 WatcherThread "VM Periodic Task Thread"        [id=45484, stack(0x0000007af2800000,0x0000007af2900000) (1024K)]
  0x0000026516ad72f0 WorkerThread "GC Thread#0"                     [id=16116, stack(0x0000007af2300000,0x0000007af2400000) (1024K)]
  0x0000026574995a80 WorkerThread "GC Thread#1"                     [id=23804, stack(0x0000007af3600000,0x0000007af3700000) (1024K)]
  0x0000026574a0c640 WorkerThread "GC Thread#2"                     [id=3356, stack(0x0000007af3700000,0x0000007af3800000) (1024K)]
  0x0000026574a0ce00 WorkerThread "GC Thread#3"                     [id=46796, stack(0x0000007af3800000,0x0000007af3900000) (1024K)]
  0x0000026574a0d1b0 WorkerThread "GC Thread#4"                     [id=37448, stack(0x0000007af3900000,0x0000007af3a00000) (1024K)]
  0x0000026574a0db70 WorkerThread "GC Thread#5"                     [id=9424, stack(0x0000007af3a00000,0x0000007af3b00000) (1024K)]
  0x0000026574a0fb50 WorkerThread "GC Thread#6"                     [id=22056, stack(0x0000007af3b00000,0x0000007af3c00000) (1024K)]
  0x0000026574a0e180 WorkerThread "GC Thread#7"                     [id=42948, stack(0x0000007af3c00000,0x0000007af3d00000) (1024K)]
  0x0000026574a0e530 WorkerThread "GC Thread#8"                     [id=18100, stack(0x0000007af3d00000,0x0000007af3e00000) (1024K)]
  0x0000026574a0e8e0 WorkerThread "GC Thread#9"                     [id=30832, stack(0x0000007af3e00000,0x0000007af3f00000) (1024K)]
  0x0000026516ae6df0 ConcurrentGCThread "G1 Main Marker"            [id=46888, stack(0x0000007af2400000,0x0000007af2500000) (1024K)]
  0x0000026516ae7ab0 WorkerThread "G1 Conc#0"                       [id=44784, stack(0x0000007af2500000,0x0000007af2600000) (1024K)]
  0x000002652e6f6d00 ConcurrentGCThread "G1 Refine#0"               [id=17432, stack(0x0000007af2600000,0x0000007af2700000) (1024K)]
  0x000002652e6f73a0 ConcurrentGCThread "G1 Service"                [id=34708, stack(0x0000007af2700000,0x0000007af2800000) (1024K)]
Total: 16

Threads with active compile tasks:
C2 CompilerThread0  2715 2371       4       java.lang.invoke.MethodType::makeImpl (109 bytes)
Total: 1

VM state: not at safepoint (normal execution)

VM Mutex/Monitor currently owned by a thread: None

Heap address: 0x00000000a2200000, size: 1502 MB, Compressed Oops mode: 32-bit

CDS archive(s) mapped at: [0x000002652f000000-0x000002652fd70000-0x000002652fd70000), size 14090240, SharedBaseAddress: 0x000002652f000000, ArchiveRelocationMode: 1.
Compressed class space mapped at: 0x0000026530000000-0x0000026570000000, reserved size: 1073741824
Narrow klass base: 0x000002652f000000, Narrow klass shift: 0, Narrow klass range: 0x41000000

GC Precious Log:
 CardTable entry size: 512
 Card Set container configuration: InlinePtr #cards 5 size 8 Array Of Cards #cards 10 size 36 Howl #buckets 4 coarsen threshold 1843 Howl Bitmap #cards 512 size 80 coarsen threshold 460 Card regions per heap region 1 cards per card region 2048
 CPUs: 12 total, 12 available
 Memory: 6005M
 Large Page Support: Disabled
 NUMA Support: Disabled
 Compressed Oops: Enabled (32-bit)
 Heap Region Size: 1M
 Heap Min Capacity: 8M
 Heap Initial Capacity: 94M
 Heap Max Capacity: 1502M
 Pre-touch: Disabled
 Parallel Workers: 10
 Concurrent Workers: 3
 Concurrent Refinement Workers: 10
 Periodic GC: Disabled

Heap:
 garbage-first heap   total reserved 1538048K, committed 96256K, used 24363K [0x00000000a2200000, 0x0000000100000000)
  region size 1024K, 18 young (18432K), 2 survivors (2048K)
 Metaspace       used 17023K, committed 17344K, reserved 1114112K
  class space    used 2120K, committed 2240K, reserved 1048576K

Heap Regions: E=young(eden), S=young(survivor), O=old, HS=humongous(starts), HC=humongous(continues), CS=collection set, F=free, TAMS=top-at-mark-start, PB=parsable bottom
|   0|0x00000000a2200000, 0x00000000a2300000, 0x00000000a2300000|100%|HS|  |TAMS 0x00000000a2200000| PB 0x00000000a2200000| Complete |  0
|   1|0x00000000a2300000, 0x00000000a2400000, 0x00000000a2400000|100%| O|  |TAMS 0x00000000a2300000| PB 0x00000000a2300000| Untracked |  0
|   2|0x00000000a2400000, 0x00000000a2500000, 0x00000000a2500000|100%| O|  |TAMS 0x00000000a2400000| PB 0x00000000a2400000| Untracked |  0
|   3|0x00000000a2500000, 0x00000000a2600000, 0x00000000a2600000|100%| O|  |TAMS 0x00000000a2500000| PB 0x00000000a2500000| Untracked |  0
|   4|0x00000000a2600000, 0x00000000a2700000, 0x00000000a2700000|100%| O|  |TAMS 0x00000000a2600000| PB 0x00000000a2600000| Untracked |  0
|   5|0x00000000a2700000, 0x00000000a2800000, 0x00000000a2800000|100%| O|  |TAMS 0x00000000a2700000| PB 0x00000000a2700000| Untracked |  0
|   6|0x00000000a2800000, 0x00000000a2900000, 0x00000000a2900000|100%| O|  |TAMS 0x00000000a2800000| PB 0x00000000a2800000| Untracked |  0
|   7|0x00000000a2900000, 0x00000000a2a00000, 0x00000000a2a00000|100%| O|  |TAMS 0x00000000a2900000| PB 0x00000000a2900000| Untracked |  0
|   8|0x00000000a2a00000, 0x00000000a2a7d5c0, 0x00000000a2b00000| 48%| O|  |TAMS 0x00000000a2a00000| PB 0x00000000a2a00000| Untracked |  0
|   9|0x00000000a2b00000, 0x00000000a2b00000, 0x00000000a2c00000|  0%| F|  |TAMS 0x00000000a2b00000| PB 0x00000000a2b00000| Untracked |  0
|  10|0x00000000a2c00000, 0x00000000a2c00000, 0x00000000a2d00000|  0%| F|  |TAMS 0x00000000a2c00000| PB 0x00000000a2c00000| Untracked |  0
|  11|0x00000000a2d00000, 0x00000000a2d00000, 0x00000000a2e00000|  0%| F|  |TAMS 0x00000000a2d00000| PB 0x00000000a2d00000| Untracked |  0
|  12|0x00000000a2e00000, 0x00000000a2e00000, 0x00000000a2f00000|  0%| F|  |TAMS 0x00000000a2e00000| PB 0x00000000a2e00000| Untracked |  0
|  13|0x00000000a2f00000, 0x00000000a2f00000, 0x00000000a3000000|  0%| F|  |TAMS 0x00000000a2f00000| PB 0x00000000a2f00000| Untracked |  0
|  14|0x00000000a3000000, 0x00000000a3000000, 0x00000000a3100000|  0%| F|  |TAMS 0x00000000a3000000| PB 0x00000000a3000000| Untracked |  0
|  15|0x00000000a3100000, 0x00000000a3100000, 0x00000000a3200000|  0%| F|  |TAMS 0x00000000a3100000| PB 0x00000000a3100000| Untracked |  0
|  16|0x00000000a3200000, 0x00000000a3200000, 0x00000000a3300000|  0%| F|  |TAMS 0x00000000a3200000| PB 0x00000000a3200000| Untracked |  0
|  17|0x00000000a3300000, 0x00000000a3300000, 0x00000000a3400000|  0%| F|  |TAMS 0x00000000a3300000| PB 0x00000000a3300000| Untracked |  0
|  18|0x00000000a3400000, 0x00000000a3400000, 0x00000000a3500000|  0%| F|  |TAMS 0x00000000a3400000| PB 0x00000000a3400000| Untracked |  0
|  19|0x00000000a3500000, 0x00000000a3500000, 0x00000000a3600000|  0%| F|  |TAMS 0x00000000a3500000| PB 0x00000000a3500000| Untracked |  0
|  20|0x00000000a3600000, 0x00000000a3600000, 0x00000000a3700000|  0%| F|  |TAMS 0x00000000a3600000| PB 0x00000000a3600000| Untracked |  0
|  21|0x00000000a3700000, 0x00000000a3700000, 0x00000000a3800000|  0%| F|  |TAMS 0x00000000a3700000| PB 0x00000000a3700000| Untracked |  0
|  22|0x00000000a3800000, 0x00000000a3800000, 0x00000000a3900000|  0%| F|  |TAMS 0x00000000a3800000| PB 0x00000000a3800000| Untracked |  0
|  23|0x00000000a3900000, 0x00000000a3900000, 0x00000000a3a00000|  0%| F|  |TAMS 0x00000000a3900000| PB 0x00000000a3900000| Untracked |  0
|  24|0x00000000a3a00000, 0x00000000a3a00000, 0x00000000a3b00000|  0%| F|  |TAMS 0x00000000a3a00000| PB 0x00000000a3a00000| Untracked |  0
|  25|0x00000000a3b00000, 0x00000000a3b00000, 0x00000000a3c00000|  0%| F|  |TAMS 0x00000000a3b00000| PB 0x00000000a3b00000| Untracked |  0
|  26|0x00000000a3c00000, 0x00000000a3c00000, 0x00000000a3d00000|  0%| F|  |TAMS 0x00000000a3c00000| PB 0x00000000a3c00000| Untracked |  0
|  27|0x00000000a3d00000, 0x00000000a3d00000, 0x00000000a3e00000|  0%| F|  |TAMS 0x00000000a3d00000| PB 0x00000000a3d00000| Untracked |  0
|  28|0x00000000a3e00000, 0x00000000a3e00000, 0x00000000a3f00000|  0%| F|  |TAMS 0x00000000a3e00000| PB 0x00000000a3e00000| Untracked |  0
|  29|0x00000000a3f00000, 0x00000000a3f00000, 0x00000000a4000000|  0%| F|  |TAMS 0x00000000a3f00000| PB 0x00000000a3f00000| Untracked |  0
|  30|0x00000000a4000000, 0x00000000a4000000, 0x00000000a4100000|  0%| F|  |TAMS 0x00000000a4000000| PB 0x00000000a4000000| Untracked |  0
|  31|0x00000000a4100000, 0x00000000a4100000, 0x00000000a4200000|  0%| F|  |TAMS 0x00000000a4100000| PB 0x00000000a4100000| Untracked |  0
|  32|0x00000000a4200000, 0x00000000a4200000, 0x00000000a4300000|  0%| F|  |TAMS 0x00000000a4200000| PB 0x00000000a4200000| Untracked |  0
|  33|0x00000000a4300000, 0x00000000a4300000, 0x00000000a4400000|  0%| F|  |TAMS 0x00000000a4300000| PB 0x00000000a4300000| Untracked |  0
|  34|0x00000000a4400000, 0x00000000a4400000, 0x00000000a4500000|  0%| F|  |TAMS 0x00000000a4400000| PB 0x00000000a4400000| Untracked |  0
|  35|0x00000000a4500000, 0x00000000a4500000, 0x00000000a4600000|  0%| F|  |TAMS 0x00000000a4500000| PB 0x00000000a4500000| Untracked |  0
|  36|0x00000000a4600000, 0x00000000a4600000, 0x00000000a4700000|  0%| F|  |TAMS 0x00000000a4600000| PB 0x00000000a4600000| Untracked |  0
|  37|0x00000000a4700000, 0x00000000a4700000, 0x00000000a4800000|  0%| F|  |TAMS 0x00000000a4700000| PB 0x00000000a4700000| Untracked |  0
|  38|0x00000000a4800000, 0x00000000a4800000, 0x00000000a4900000|  0%| F|  |TAMS 0x00000000a4800000| PB 0x00000000a4800000| Untracked |  0
|  39|0x00000000a4900000, 0x00000000a4900000, 0x00000000a4a00000|  0%| F|  |TAMS 0x00000000a4900000| PB 0x00000000a4900000| Untracked |  0
|  40|0x00000000a4a00000, 0x00000000a4a00000, 0x00000000a4b00000|  0%| F|  |TAMS 0x00000000a4a00000| PB 0x00000000a4a00000| Untracked |  0
|  41|0x00000000a4b00000, 0x00000000a4b00000, 0x00000000a4c00000|  0%| F|  |TAMS 0x00000000a4b00000| PB 0x00000000a4b00000| Untracked |  0
|  42|0x00000000a4c00000, 0x00000000a4c00000, 0x00000000a4d00000|  0%| F|  |TAMS 0x00000000a4c00000| PB 0x00000000a4c00000| Untracked |  0
|  43|0x00000000a4d00000, 0x00000000a4d00000, 0x00000000a4e00000|  0%| F|  |TAMS 0x00000000a4d00000| PB 0x00000000a4d00000| Untracked |  0
|  44|0x00000000a4e00000, 0x00000000a4e00000, 0x00000000a4f00000|  0%| F|  |TAMS 0x00000000a4e00000| PB 0x00000000a4e00000| Untracked |  0
|  45|0x00000000a4f00000, 0x00000000a4f00000, 0x00000000a5000000|  0%| F|  |TAMS 0x00000000a4f00000| PB 0x00000000a4f00000| Untracked |  0
|  46|0x00000000a5000000, 0x00000000a5000000, 0x00000000a5100000|  0%| F|  |TAMS 0x00000000a5000000| PB 0x00000000a5000000| Untracked |  0
|  47|0x00000000a5100000, 0x00000000a5100000, 0x00000000a5200000|  0%| F|  |TAMS 0x00000000a5100000| PB 0x00000000a5100000| Untracked |  0
|  48|0x00000000a5200000, 0x00000000a5200000, 0x00000000a5300000|  0%| F|  |TAMS 0x00000000a5200000| PB 0x00000000a5200000| Untracked |  0
|  49|0x00000000a5300000, 0x00000000a5300000, 0x00000000a5400000|  0%| F|  |TAMS 0x00000000a5300000| PB 0x00000000a5300000| Untracked |  0
|  50|0x00000000a5400000, 0x00000000a5400000, 0x00000000a5500000|  0%| F|  |TAMS 0x00000000a5400000| PB 0x00000000a5400000| Untracked |  0
|  51|0x00000000a5500000, 0x00000000a5500000, 0x00000000a5600000|  0%| F|  |TAMS 0x00000000a5500000| PB 0x00000000a5500000| Untracked |  0
|  52|0x00000000a5600000, 0x00000000a5600000, 0x00000000a5700000|  0%| F|  |TAMS 0x00000000a5600000| PB 0x00000000a5600000| Untracked |  0
|  53|0x00000000a5700000, 0x00000000a5700000, 0x00000000a5800000|  0%| F|  |TAMS 0x00000000a5700000| PB 0x00000000a5700000| Untracked |  0
|  54|0x00000000a5800000, 0x00000000a5800000, 0x00000000a5900000|  0%| F|  |TAMS 0x00000000a5800000| PB 0x00000000a5800000| Untracked |  0
|  55|0x00000000a5900000, 0x00000000a5900000, 0x00000000a5a00000|  0%| F|  |TAMS 0x00000000a5900000| PB 0x00000000a5900000| Untracked |  0
|  56|0x00000000a5a00000, 0x00000000a5a00000, 0x00000000a5b00000|  0%| F|  |TAMS 0x00000000a5a00000| PB 0x00000000a5a00000| Untracked |  0
|  57|0x00000000a5b00000, 0x00000000a5b00000, 0x00000000a5c00000|  0%| F|  |TAMS 0x00000000a5b00000| PB 0x00000000a5b00000| Untracked |  0
|  58|0x00000000a5c00000, 0x00000000a5c00000, 0x00000000a5d00000|  0%| F|  |TAMS 0x00000000a5c00000| PB 0x00000000a5c00000| Untracked |  0
|  59|0x00000000a5d00000, 0x00000000a5d00000, 0x00000000a5e00000|  0%| F|  |TAMS 0x00000000a5d00000| PB 0x00000000a5d00000| Untracked |  0
|  60|0x00000000a5e00000, 0x00000000a5e00000, 0x00000000a5f00000|  0%| F|  |TAMS 0x00000000a5e00000| PB 0x00000000a5e00000| Untracked |  0
|  61|0x00000000a5f00000, 0x00000000a5f00000, 0x00000000a6000000|  0%| F|  |TAMS 0x00000000a5f00000| PB 0x00000000a5f00000| Untracked |  0
|  62|0x00000000a6000000, 0x00000000a6000000, 0x00000000a6100000|  0%| F|  |TAMS 0x00000000a6000000| PB 0x00000000a6000000| Untracked |  0
|  63|0x00000000a6100000, 0x00000000a6100000, 0x00000000a6200000|  0%| F|  |TAMS 0x00000000a6100000| PB 0x00000000a6100000| Untracked |  0
|  64|0x00000000a6200000, 0x00000000a6200000, 0x00000000a6300000|  0%| F|  |TAMS 0x00000000a6200000| PB 0x00000000a6200000| Untracked |  0
|  65|0x00000000a6300000, 0x00000000a6300000, 0x00000000a6400000|  0%| F|  |TAMS 0x00000000a6300000| PB 0x00000000a6300000| Untracked |  0
|  66|0x00000000a6400000, 0x00000000a6400000, 0x00000000a6500000|  0%| F|  |TAMS 0x00000000a6400000| PB 0x00000000a6400000| Untracked |  0
|  67|0x00000000a6500000, 0x00000000a6500000, 0x00000000a6600000|  0%| F|  |TAMS 0x00000000a6500000| PB 0x00000000a6500000| Untracked |  0
|  68|0x00000000a6600000, 0x00000000a6600000, 0x00000000a6700000|  0%| F|  |TAMS 0x00000000a6600000| PB 0x00000000a6600000| Untracked |  0
|  69|0x00000000a6700000, 0x00000000a6700000, 0x00000000a6800000|  0%| F|  |TAMS 0x00000000a6700000| PB 0x00000000a6700000| Untracked |  0
|  70|0x00000000a6800000, 0x00000000a6800000, 0x00000000a6900000|  0%| F|  |TAMS 0x00000000a6800000| PB 0x00000000a6800000| Untracked |  0
|  71|0x00000000a6900000, 0x00000000a694d720, 0x00000000a6a00000| 30%| S|CS|TAMS 0x00000000a6900000| PB 0x00000000a6900000| Complete |  0
|  72|0x00000000a6a00000, 0x00000000a6b00000, 0x00000000a6b00000|100%| S|CS|TAMS 0x00000000a6a00000| PB 0x00000000a6a00000| Complete |  0
|  73|0x00000000a6b00000, 0x00000000a6b00000, 0x00000000a6c00000|  0%| F|  |TAMS 0x00000000a6b00000| PB 0x00000000a6b00000| Untracked |  0
|  74|0x00000000a6c00000, 0x00000000a6c00000, 0x00000000a6d00000|  0%| F|  |TAMS 0x00000000a6c00000| PB 0x00000000a6c00000| Untracked |  0
|  75|0x00000000a6d00000, 0x00000000a6d00000, 0x00000000a6e00000|  0%| F|  |TAMS 0x00000000a6d00000| PB 0x00000000a6d00000| Untracked |  0
|  76|0x00000000a6e00000, 0x00000000a6e00000, 0x00000000a6f00000|  0%| F|  |TAMS 0x00000000a6e00000| PB 0x00000000a6e00000| Untracked |  0
|  77|0x00000000a6f00000, 0x00000000a6f00000, 0x00000000a7000000|  0%| F|  |TAMS 0x00000000a6f00000| PB 0x00000000a6f00000| Untracked |  0
|  78|0x00000000a7000000, 0x00000000a70aef40, 0x00000000a7100000| 68%| E|  |TAMS 0x00000000a7000000| PB 0x00000000a7000000| Complete |  0
|  79|0x00000000a7100000, 0x00000000a7200000, 0x00000000a7200000|100%| E|CS|TAMS 0x00000000a7100000| PB 0x00000000a7100000| Complete |  0
|  80|0x00000000a7200000, 0x00000000a7300000, 0x00000000a7300000|100%| E|CS|TAMS 0x00000000a7200000| PB 0x00000000a7200000| Complete |  0
|  81|0x00000000a7300000, 0x00000000a7400000, 0x00000000a7400000|100%| E|CS|TAMS 0x00000000a7300000| PB 0x00000000a7300000| Complete |  0
|  82|0x00000000a7400000, 0x00000000a7500000, 0x00000000a7500000|100%| E|CS|TAMS 0x00000000a7400000| PB 0x00000000a7400000| Complete |  0
|  83|0x00000000a7500000, 0x00000000a7600000, 0x00000000a7600000|100%| E|CS|TAMS 0x00000000a7500000| PB 0x00000000a7500000| Complete |  0
|  84|0x00000000a7600000, 0x00000000a7700000, 0x00000000a7700000|100%| E|CS|TAMS 0x00000000a7600000| PB 0x00000000a7600000| Complete |  0
|  85|0x00000000a7700000, 0x00000000a7800000, 0x00000000a7800000|100%| E|CS|TAMS 0x00000000a7700000| PB 0x00000000a7700000| Complete |  0
|  86|0x00000000a7800000, 0x00000000a7900000, 0x00000000a7900000|100%| E|CS|TAMS 0x00000000a7800000| PB 0x00000000a7800000| Complete |  0
|  87|0x00000000a7900000, 0x00000000a7a00000, 0x00000000a7a00000|100%| E|CS|TAMS 0x00000000a7900000| PB 0x00000000a7900000| Complete |  0
|  88|0x00000000a7a00000, 0x00000000a7b00000, 0x00000000a7b00000|100%| E|CS|TAMS 0x00000000a7a00000| PB 0x00000000a7a00000| Complete |  0
|  89|0x00000000a7b00000, 0x00000000a7c00000, 0x00000000a7c00000|100%| E|CS|TAMS 0x00000000a7b00000| PB 0x00000000a7b00000| Complete |  0
|  90|0x00000000a7c00000, 0x00000000a7d00000, 0x00000000a7d00000|100%| E|CS|TAMS 0x00000000a7c00000| PB 0x00000000a7c00000| Complete |  0
|  91|0x00000000a7d00000, 0x00000000a7e00000, 0x00000000a7e00000|100%| E|  |TAMS 0x00000000a7d00000| PB 0x00000000a7d00000| Complete |  0
|  92|0x00000000a7e00000, 0x00000000a7f00000, 0x00000000a7f00000|100%| E|CS|TAMS 0x00000000a7e00000| PB 0x00000000a7e00000| Complete |  0
|  93|0x00000000a7f00000, 0x00000000a8000000, 0x00000000a8000000|100%| E|CS|TAMS 0x00000000a7f00000| PB 0x00000000a7f00000| Complete |  0

Card table byte_map: [0x000002652a190000,0x000002652a480000] _byte_map_base: 0x0000026529c7f000

Marking Bits: (CMBitMap*) 0x0000026516ad7a00
 Bits: [0x000002652a480000, 0x000002652bbf8000)

Polling page: 0x0000026514840000

Metaspace:

Usage:
  Non-class:     14.55 MB used.
      Class:      2.07 MB used.
       Both:     16.62 MB used.

Virtual space:
  Non-class space:       64.00 MB reserved,      14.75 MB ( 23%) committed,  1 nodes.
      Class space:        1.00 GB reserved,       2.19 MB ( <1%) committed,  1 nodes.
             Both:        1.06 GB reserved,      16.94 MB (  2%) committed. 

Chunk freelists:
   Non-Class:  1.21 MB
       Class:  13.63 MB
        Both:  14.84 MB

MaxMetaspaceSize: unlimited
CompressedClassSpaceSize: 1.00 GB
Initial GC threshold: 21.00 MB
Current GC threshold: 21.00 MB
CDS: on
 - commit_granule_bytes: 65536.
 - commit_granule_words: 8192.
 - virtual_space_node_default_size: 8388608.
 - enlarge_chunks_in_place: 1.
 - use_allocation_guard: 0.


Internal statistics:

num_allocs_failed_limit: 0.
num_arena_births: 394.
num_arena_deaths: 0.
num_vsnodes_births: 2.
num_vsnodes_deaths: 0.
num_space_committed: 271.
num_space_uncommitted: 0.
num_chunks_returned_to_freelist: 0.
num_chunks_taken_from_freelist: 893.
num_chunk_merges: 0.
num_chunk_splits: 570.
num_chunks_enlarged: 358.
num_inconsistent_stats: 0.

CodeHeap 'non-profiled nmethods': size=120064Kb used=754Kb max_used=754Kb free=119310Kb
 bounds [0x0000026522400000, 0x0000026522670000, 0x0000026529940000]
CodeHeap 'profiled nmethods': size=120000Kb used=3451Kb max_used=3451Kb free=116548Kb
 bounds [0x000002651a940000, 0x000002651aca0000, 0x0000026521e70000]
CodeHeap 'non-nmethods': size=5696Kb used=1497Kb max_used=1517Kb free=4198Kb
 bounds [0x0000026521e70000, 0x00000265220e0000, 0x0000026522400000]
CodeCache: size=245760Kb, used=5702Kb, max_used=5722Kb, free=240056Kb
 total_blobs=2987, nmethods=2404, adapters=488, full_count=0
Compilation: enabled, stopped_count=0, restarted_count=0

Compilation events (20 events):
Event: 2.555 Thread 0x000002652e868670 2393       3       java.lang.ClassLoader::getPlatformClassLoader (21 bytes)
Event: 2.555 Thread 0x000002652e868670 nmethod 2393 0x000002651ac99908 code [0x000002651ac99a40, 0x000002651ac99cd0]
Event: 2.560 Thread 0x000002652e868670 2396       3       java.util.TreeMap::fixAfterInsertion (267 bytes)
Event: 2.562 Thread 0x000002652e868670 nmethod 2396 0x000002651ac99d08 code [0x000002651ac9a140, 0x000002651ac9c488]
Event: 2.562 Thread 0x000002652e868670 2395       3       java.util.TreeMap::addEntry (59 bytes)
Event: 2.562 Thread 0x000002652e868670 nmethod 2395 0x000002651ac9c508 code [0x000002651ac9c660, 0x000002651ac9cb08]
Event: 2.564 Thread 0x000002652e868670 2397       3       jdk.internal.loader.NativeLibraries$NativeLibraryImpl::find (9 bytes)
Event: 2.564 Thread 0x000002652e868670 nmethod 2397 0x000002651ac9cb88 code [0x000002651ac9cca0, 0x000002651ac9cde0]
Event: 2.566 Thread 0x000002652e868670 2398       3       sun.nio.fs.WindowsPathParser::isSlash (18 bytes)
Event: 2.566 Thread 0x000002652e868670 nmethod 2398 0x000002651ac9ce88 code [0x000002651ac9cfa0, 0x000002651ac9d108]
Event: 2.569 Thread 0x000002652e868670 2399       3       java.util.concurrent.ConcurrentHashMap$EntryIterator::next (5 bytes)
Event: 2.570 Thread 0x000002652e868670 nmethod 2399 0x000002651ac9d188 code [0x000002651ac9d2a0, 0x000002651ac9d3d8]
Event: 2.570 Thread 0x000002652e868670 2400       3       java.util.concurrent.ConcurrentHashMap$EntryIterator::next (51 bytes)
Event: 2.570 Thread 0x000002652e868670 nmethod 2400 0x000002651ac9d488 code [0x000002651ac9d5e0, 0x000002651ac9daf0]
Event: 2.570 Thread 0x000002652e868670 2401       3       java.util.concurrent.ConcurrentHashMap$MapEntry::<init> (20 bytes)
Event: 2.570 Thread 0x000002652e868670 nmethod 2401 0x000002651ac9db88 code [0x000002651ac9dca0, 0x000002651ac9df20]
Event: 2.585 Thread 0x000002652e868670 2405       3       jdk.internal.org.objectweb.asm.FieldWriter::computeFieldInfoSize (86 bytes)
Event: 2.585 Thread 0x000002652e868670 nmethod 2405 0x000002651ac9df88 code [0x000002651ac9e0e0, 0x000002651ac9e3b8]
Event: 2.585 Thread 0x000002652e868670 2406       3       jdk.internal.org.objectweb.asm.FieldWriter::putFieldInfo (269 bytes)
Event: 2.586 Thread 0x000002652e868670 nmethod 2406 0x000002651ac9e408 code [0x000002651ac9e620, 0x000002651ac9eed8]

GC Heap History (4 events):
Event: 1.586 GC heap before
{Heap before GC invocations=0 (full 0):
 garbage-first heap   total reserved 1538048K, committed 96256K, used 24576K [0x00000000a2200000, 0x0000000100000000)
  region size 1024K, 24 young (24576K), 0 survivors (0K)
 Metaspace       used 7781K, committed 8000K, reserved 1114112K
  class space    used 876K, committed 960K, reserved 1048576K
}
Event: 1.593 GC heap after
{Heap after GC invocations=1 (full 0):
 garbage-first heap   total reserved 1538048K, committed 96256K, used 8672K [0x00000000a2200000, 0x0000000100000000)
  region size 1024K, 3 young (3072K), 3 survivors (3072K)
 Metaspace       used 7781K, committed 8000K, reserved 1114112K
  class space    used 876K, committed 960K, reserved 1048576K
}
Event: 2.166 GC heap before
{Heap before GC invocations=1 (full 0):
 garbage-first heap   total reserved 1538048K, committed 96256K, used 29152K [0x00000000a2200000, 0x0000000100000000)
  region size 1024K, 24 young (24576K), 3 survivors (3072K)
 Metaspace       used 12899K, committed 13184K, reserved 1114112K
  class space    used 1561K, committed 1664K, reserved 1048576K
}
Event: 2.172 GC heap after
{Heap after GC invocations=2 (full 0):
 garbage-first heap   total reserved 1538048K, committed 96256K, used 10027K [0x00000000a2200000, 0x0000000100000000)
  region size 1024K, 2 young (2048K), 2 survivors (2048K)
 Metaspace       used 12899K, committed 13184K, reserved 1114112K
  class space    used 1561K, committed 1664K, reserved 1048576K
}

Dll operation events (10 events):
Event: 0.006 Loaded shared library C:\Users\lenovo\.p2\pool\plugins\org.eclipse.justj.openjdk.hotspot.jre.full.win32.x86_64_23.0.0.v20240919-1706\jre\bin\java.dll
Event: 0.060 Loaded shared library C:\Users\lenovo\.p2\pool\plugins\org.eclipse.justj.openjdk.hotspot.jre.full.win32.x86_64_23.0.0.v20240919-1706\jre\bin\net.dll
Event: 0.061 Loaded shared library C:\Users\lenovo\.p2\pool\plugins\org.eclipse.justj.openjdk.hotspot.jre.full.win32.x86_64_23.0.0.v20240919-1706\jre\bin\nio.dll
Event: 0.064 Loaded shared library C:\Users\lenovo\.p2\pool\plugins\org.eclipse.justj.openjdk.hotspot.jre.full.win32.x86_64_23.0.0.v20240919-1706\jre\bin\zip.dll
Event: 0.066 Loaded shared library C:\Users\lenovo\.p2\pool\plugins\org.eclipse.justj.openjdk.hotspot.jre.full.win32.x86_64_23.0.0.v20240919-1706\jre\bin\zip.dll
Event: 0.132 Loaded shared library C:\Users\lenovo\.p2\pool\plugins\org.eclipse.justj.openjdk.hotspot.jre.full.win32.x86_64_23.0.0.v20240919-1706\jre\bin\management.dll
Event: 0.144 Loaded shared library C:\Users\lenovo\.p2\pool\plugins\org.eclipse.justj.openjdk.hotspot.jre.full.win32.x86_64_23.0.0.v20240919-1706\jre\bin\management_ext.dll
Event: 0.161 Loaded shared library C:\Users\lenovo\.p2\pool\plugins\org.eclipse.justj.openjdk.hotspot.jre.full.win32.x86_64_23.0.0.v20240919-1706\jre\bin\jimage.dll
Event: 1.015 Loaded shared library C:\Users\lenovo\.p2\pool\plugins\org.eclipse.justj.openjdk.hotspot.jre.full.win32.x86_64_23.0.0.v20240919-1706\jre\bin\verify.dll
Event: 2.545 Loaded shared library C:\Users\lenovo\.p2\pool\plugins\org.eclipse.justj.openjdk.hotspot.jre.full.win32.x86_64_23.0.0.v20240919-1706\jre\bin\extnet.dll

Deoptimization events (20 events):
Event: 2.323 Thread 0x000002651487ec70 Uncommon trap: trap_request=0xffffffde fr.pc=0x000002652246f88c relative=0x000000000000096c
Event: 2.323 Thread 0x000002651487ec70 Uncommon trap: reason=class_check action=maybe_recompile pc=0x000002652246f88c method=java.util.HashMap.putVal(ILjava/lang/Object;Ljava/lang/Object;ZZ)Ljava/lang/Object; @ 91 c2
Event: 2.323 Thread 0x000002651487ec70 DEOPT PACKING pc=0x000002652246f88c sp=0x0000007af22fd690
Event: 2.323 Thread 0x000002651487ec70 DEOPT UNPACKING pc=0x0000026521ec4402 sp=0x0000007af22fd630 mode 2
Event: 2.323 Thread 0x000002651487ec70 Uncommon trap: trap_request=0xffffffde fr.pc=0x000002652246f88c relative=0x000000000000096c
Event: 2.323 Thread 0x000002651487ec70 Uncommon trap: reason=class_check action=maybe_recompile pc=0x000002652246f88c method=java.util.HashMap.putVal(ILjava/lang/Object;Ljava/lang/Object;ZZ)Ljava/lang/Object; @ 91 c2
Event: 2.323 Thread 0x000002651487ec70 DEOPT PACKING pc=0x000002652246f88c sp=0x0000007af22fd690
Event: 2.323 Thread 0x000002651487ec70 DEOPT UNPACKING pc=0x0000026521ec4402 sp=0x0000007af22fd630 mode 2
Event: 2.360 Thread 0x000002651487ec70 DEOPT PACKING pc=0x000002651ac23478 sp=0x0000007af22fc100
Event: 2.360 Thread 0x000002651487ec70 DEOPT UNPACKING pc=0x0000026521ec4b22 sp=0x0000007af22fb588 mode 0
Event: 2.429 Thread 0x0000026574f12350 DEOPT PACKING pc=0x000002651ac23478 sp=0x0000007af3ff9370
Event: 2.429 Thread 0x0000026574f12350 DEOPT UNPACKING pc=0x0000026521ec4b22 sp=0x0000007af3ff87f8 mode 0
Event: 2.539 Thread 0x0000026574f12350 Uncommon trap: trap_request=0xffffffc6 fr.pc=0x00000265224b3038 relative=0x00000000000002b8
Event: 2.539 Thread 0x0000026574f12350 Uncommon trap: reason=bimorphic_or_optimized_type_check action=maybe_recompile pc=0x00000265224b3038 method=java.util.regex.Pattern$BmpCharProperty.match(Ljava/util/regex/Matcher;ILjava/lang/CharSequence;)Z @ 36 c2
Event: 2.539 Thread 0x0000026574f12350 DEOPT PACKING pc=0x00000265224b3038 sp=0x0000007af3ffd190
Event: 2.539 Thread 0x0000026574f12350 DEOPT UNPACKING pc=0x0000026521ec4402 sp=0x0000007af3ffd118 mode 2
Event: 2.562 Thread 0x0000026574f12350 Uncommon trap: trap_request=0xffffff45 fr.pc=0x000002652241b2cc relative=0x000000000000004c
Event: 2.562 Thread 0x0000026574f12350 Uncommon trap: reason=unstable_if action=reinterpret pc=0x000002652241b2cc method=sun.nio.fs.WindowsPathParser.isSlash(C)Z @ 9 c2
Event: 2.562 Thread 0x0000026574f12350 DEOPT PACKING pc=0x000002652241b2cc sp=0x0000007af3ffd7a0
Event: 2.562 Thread 0x0000026574f12350 DEOPT UNPACKING pc=0x0000026521ec4402 sp=0x0000007af3ffd728 mode 2

Classes loaded (20 events):
Event: 2.586 Loading class java/lang/ProcessBuilder$NullInputStream
Event: 2.587 Loading class java/lang/ProcessBuilder$NullInputStream done
Event: 2.587 Loading class jdk/internal/event/ProcessStartEvent
Event: 2.587 Loading class jdk/internal/event/ProcessStartEvent done
Event: 2.587 Loading class jdk/internal/logger/LazyLoggers
Event: 2.587 Loading class jdk/internal/logger/LazyLoggers done
Event: 2.587 Loading class jdk/internal/logger/LazyLoggers$1
Event: 2.587 Loading class jdk/internal/logger/LazyLoggers$1 done
Event: 2.587 Loading class jdk/internal/logger/LazyLoggers$LazyLoggerFactories
Event: 2.587 Loading class jdk/internal/logger/LazyLoggers$LazyLoggerFactories done
Event: 2.587 Loading class jdk/internal/logger/LoggerFinderLoader
Event: 2.588 Loading class jdk/internal/logger/LoggerFinderLoader done
Event: 2.588 Loading class jdk/internal/logger/LoggerFinderLoader$TemporaryLoggerFinder
Event: 2.588 Loading class jdk/internal/logger/LoggerFinderLoader$TemporaryLoggerFinder done
Event: 2.588 Loading class sun/util/logging/internal/LoggingProviderImpl$JULWrapper
Event: 2.588 Loading class sun/util/logging/PlatformLogger$ConfigurableBridge$LoggerConfiguration
Event: 2.588 Loading class sun/util/logging/PlatformLogger$ConfigurableBridge$LoggerConfiguration done
Event: 2.589 Loading class sun/util/logging/internal/LoggingProviderImpl$JULWrapper done
Event: 2.589 Loading class java/lang/System$Logger$Level
Event: 2.589 Loading class java/lang/System$Logger$Level done

Classes unloaded (0 events):
No events

Classes redefined (0 events):
No events

Internal exceptions (20 events):
Event: 2.342 Thread 0x000002651487ec70 Exception <a 'java/lang/ClassNotFoundException'{0x00000000a78526d0}: java/lang/ObjectCustomizer> (0x00000000a78526d0) 
thrown [s\src\hotspot\share\classfile\systemDictionary.cpp, line 313]
Event: 2.347 Thread 0x000002651487ec70 Exception <a 'java/lang/ClassNotFoundException'{0x00000000a7860148}: java/lang/EnumCustomizer> (0x00000000a7860148) 
thrown [s\src\hotspot\share\classfile\systemDictionary.cpp, line 313]
Event: 2.349 Thread 0x000002651487ec70 Exception <a 'java/lang/ClassNotFoundException'{0x00000000a7870e90}: com/aventstack/extentreports/StatusCustomizer> (0x00000000a7870e90) 
thrown [s\src\hotspot\share\classfile\systemDictionary.cpp, line 313]
Event: 2.365 Thread 0x000002651487ec70 Exception <a 'java/lang/ClassNotFoundException'{0x00000000a7703f90}: com/aventstack/extentreports/view/IcoBeanInfo> (0x00000000a7703f90) 
thrown [s\src\hotspot\share\classfile\systemDictionary.cpp, line 313]
Event: 2.365 Thread 0x000002651487ec70 Exception <a 'java/lang/ClassNotFoundException'{0x00000000a7707760}: com/aventstack/extentreports/view/IcoCustomizer> (0x00000000a7707760) 
thrown [s\src\hotspot\share\classfile\systemDictionary.cpp, line 313]
Event: 2.372 Thread 0x000002651487ec70 Exception <a 'java/lang/ClassNotFoundException'{0x00000000a7753b80}: com/aventstack/extentreports/model/service/TestServiceBeanInfo> (0x00000000a7753b80) 
thrown [s\src\hotspot\share\classfile\systemDictionary.cpp, line 313]
Event: 2.372 Thread 0x000002651487ec70 Exception <a 'java/lang/ClassNotFoundException'{0x00000000a7757828}: com/aventstack/extentreports/model/service/TestServiceCustomizer> (0x00000000a7757828) 
thrown [s\src\hotspot\share\classfile\systemDictionary.cpp, line 313]
Event: 2.383 Thread 0x000002651487ec70 Exception <a 'java/lang/NoSuchMethodError'{0x00000000a77b9038}: 'java.lang.Object java.lang.invoke.DirectMethodHandle$Holder.newInvokeSpecial(java.lang.Object, java.lang.Object, int, java.lang.Object)'> (0x00000000a77b9038) 
thrown [s\src\hotspot\share\interpreter\linkResolver.cpp, line 796]
Event: 2.465 Thread 0x0000026574f12350 Exception <a 'java/lang/NoSuchMethodError'{0x00000000a7355370}: 'int java.lang.invoke.DirectMethodHandle$Holder.invokeInterface(java.lang.Object, java.lang.Object)'> (0x00000000a7355370) 
thrown [s\src\hotspot\share\interpreter\linkResolver.cpp, line 796]
Event: 2.477 Thread 0x0000026574f12350 Exception <a 'java/lang/IncompatibleClassChangeError'{0x00000000a73c7e90}: Found class java.lang.Object, but interface was expected> (0x00000000a73c7e90) 
thrown [s\src\hotspot\share\interpreter\linkResolver.cpp, line 863]
Event: 2.486 Thread 0x0000026574f12350 Exception <a 'java/lang/NoSuchMethodError'{0x00000000a7228788}: 'java.lang.Object java.lang.invoke.DirectMethodHandle$Holder.invokeStatic(java.lang.Object, java.lang.Object, java.lang.Object, java.lang.Object, int)'> (0x00000000a7228788) 
thrown [s\src\hotspot\share\interpreter\linkResolver.cpp, line 796]
Event: 2.487 Thread 0x0000026574f12350 Exception <a 'java/lang/NoSuchMethodError'{0x00000000a7232f08}: 'void java.lang.invoke.DelegatingMethodHandle$Holder.reinvoke_L(java.lang.Object, java.lang.Object, java.lang.Object, int, int, java.lang.Object)'> (0x00000000a7232f08) 
thrown [s\src\hotspot\share\interpreter\linkResolver.cpp, line 796]
Event: 2.488 Thread 0x0000026574f12350 Exception <a 'java/lang/NoSuchMethodError'{0x00000000a72456e8}: 'java.lang.Object java.lang.invoke.DirectMethodHandle$Holder.invokeStatic(java.lang.Object, java.lang.Object, int)'> (0x00000000a72456e8) 
thrown [s\src\hotspot\share\interpreter\linkResolver.cpp, line 796]
Event: 2.488 Thread 0x0000026574f12350 Exception <a 'java/lang/NoSuchMethodError'{0x00000000a7249398}: 'void java.lang.invoke.DirectMethodHandle$Holder.invokeStatic(java.lang.Object, java.lang.Object, int, java.lang.Object)'> (0x00000000a7249398) 
thrown [s\src\hotspot\share\interpreter\linkResolver.cpp, line 796]
Event: 2.489 Thread 0x0000026574f12350 Exception <a 'java/lang/NoSuchMethodError'{0x00000000a724fef8}: 'void java.lang.invoke.DelegatingMethodHandle$Holder.delegate(java.lang.Object, java.lang.Object, int, java.lang.Object)'> (0x00000000a724fef8) 
thrown [s\src\hotspot\share\interpreter\linkResolver.cpp, line 796]
Event: 2.560 Thread 0x0000026574f12350 Exception <a 'java/lang/NoSuchMethodError'{0x00000000a701bc00}: 'void java.lang.invoke.DirectMethodHandle$Holder.invokeInterface(java.lang.Object, java.lang.Object, java.lang.Object)'> (0x00000000a701bc00) 
thrown [s\src\hotspot\share\interpreter\linkResolver.cpp, line 796]
Event: 2.582 Thread 0x0000026574f12350 Exception <a 'java/lang/NoSuchMethodError'{0x00000000a70447f0}: 'void java.lang.invoke.DirectMethodHandle$Holder.invokeStatic(java.lang.Object, long)'> (0x00000000a70447f0) 
thrown [s\src\hotspot\share\interpreter\linkResolver.cpp, line 796]
Event: 2.583 Thread 0x0000026574f12350 Exception <a 'java/lang/NoSuchMethodError'{0x00000000a7049688}: 'java.lang.Object java.lang.invoke.DirectMethodHandle$Holder.newInvokeSpecial(java.lang.Object, long)'> (0x00000000a7049688) 
thrown [s\src\hotspot\share\interpreter\linkResolver.cpp, line 796]
Event: 2.584 Thread 0x0000026574f12350 Exception <a 'java/lang/NoSuchMethodError'{0x00000000a704fd30}: 'java.lang.Object java.lang.invoke.DirectMethodHandle$Holder.invokeStatic(java.lang.Object, long, java.lang.Object)'> (0x00000000a704fd30) 
thrown [s\src\hotspot\share\interpreter\linkResolver.cpp, line 796]
Event: 2.584 Thread 0x0000026574f12350 Exception <a 'java/lang/NoSuchMethodError'{0x00000000a70533d0}: 'java.lang.Object java.lang.invoke.DirectMethodHandle$Holder.invokeStaticInit(java.lang.Object, long, java.lang.Object)'> (0x00000000a70533d0) 
thrown [s\src\hotspot\share\interpreter\linkResolver.cpp, line 796]

VM Operations (20 events):
Event: 1.165 Executing VM operation: HandshakeAllThreads (Deoptimize)
Event: 1.165 Executing VM operation: HandshakeAllThreads (Deoptimize) done
Event: 1.189 Executing VM operation: HandshakeAllThreads (Deoptimize)
Event: 1.189 Executing VM operation: HandshakeAllThreads (Deoptimize) done
Event: 1.195 Executing VM operation: HandshakeAllThreads (Deoptimize)
Event: 1.195 Executing VM operation: HandshakeAllThreads (Deoptimize) done
Event: 1.230 Executing VM operation: HandshakeAllThreads (Deoptimize)
Event: 1.230 Executing VM operation: HandshakeAllThreads (Deoptimize) done
Event: 1.472 Executing VM operation: HandshakeAllThreads (Deoptimize)
Event: 1.472 Executing VM operation: HandshakeAllThreads (Deoptimize) done
Event: 1.545 Executing VM operation: HandshakeAllThreads (Deoptimize)
Event: 1.545 Executing VM operation: HandshakeAllThreads (Deoptimize) done
Event: 1.586 Executing VM operation: G1CollectForAllocation (G1 Evacuation Pause)
Event: 1.593 Executing VM operation: G1CollectForAllocation (G1 Evacuation Pause) done
Event: 2.166 Executing VM operation: G1CollectForAllocation (G1 Evacuation Pause)
Event: 2.172 Executing VM operation: G1CollectForAllocation (G1 Evacuation Pause) done
Event: 2.485 Executing VM operation: HandshakeAllThreads (Deoptimize)
Event: 2.485 Executing VM operation: HandshakeAllThreads (Deoptimize) done
Event: 2.488 Executing VM operation: HandshakeAllThreads (Deoptimize)
Event: 2.488 Executing VM operation: HandshakeAllThreads (Deoptimize) done

Memory protections (0 events):
No events

Nmethod flushes (0 events):
No events

Events (15 events):
Event: 0.034 Thread 0x000002651487ec70 Thread added: 0x000002651487ec70
Event: 0.044 Thread 0x000002651487ec70 Thread added: 0x000002652e84a7f0
Event: 0.044 Thread 0x000002651487ec70 Thread added: 0x000002652e84b230
Event: 0.045 Thread 0x000002651487ec70 Thread added: 0x000002652e851c40
Event: 0.045 Thread 0x000002651487ec70 Thread added: 0x000002652e854610
Event: 0.045 Thread 0x000002651487ec70 Thread added: 0x000002652e860ca0
Event: 0.045 Thread 0x000002651487ec70 Thread added: 0x000002652e863320
Event: 0.045 Thread 0x000002651487ec70 Thread added: 0x000002652e8671c0
Event: 0.045 Thread 0x000002651487ec70 Thread added: 0x000002652e868670
Event: 0.057 Thread 0x000002651487ec70 Thread added: 0x000002652e9ad3a0
Event: 0.057 Thread 0x000002651487ec70 Thread added: 0x000002652e9af230
Event: 0.897 Thread 0x000002651487ec70 Thread added: 0x00000265741eb040
Event: 0.907 Thread 0x000002651487ec70 Thread added: 0x00000265742026a0
Event: 2.390 Thread 0x000002651487ec70 Thread added: 0x0000026574f12350
Event: 2.589 Thread 0x0000026574f12350 Thread added: 0x0000026574fa3bf0


Dynamic libraries:
0x00007ff7c0d80000 - 0x00007ff7c0d8e000 	C:\Users\lenovo\.p2\pool\plugins\org.eclipse.justj.openjdk.hotspot.jre.full.win32.x86_64_23.0.0.v20240919-1706\jre\bin\java.exe
0x00007fffce5f0000 - 0x00007fffce7e8000 	C:\Windows\SYSTEM32\ntdll.dll
0x00007fffcc680000 - 0x00007fffcc742000 	C:\Windows\System32\KERNEL32.DLL
0x00007fffcbeb0000 - 0x00007fffcc1a6000 	C:\Windows\System32\KERNELBASE.dll
0x00007fffcc260000 - 0x00007fffcc360000 	C:\Windows\System32\ucrtbase.dll
0x00007fffbce20000 - 0x00007fffbce37000 	C:\Users\lenovo\.p2\pool\plugins\org.eclipse.justj.openjdk.hotspot.jre.full.win32.x86_64_23.0.0.v20240919-1706\jre\bin\jli.dll
0x00007fffb55b0000 - 0x00007fffb55cb000 	C:\Users\lenovo\.p2\pool\plugins\org.eclipse.justj.openjdk.hotspot.jre.full.win32.x86_64_23.0.0.v20240919-1706\jre\bin\VCRUNTIME140.dll
0x00007fffcda30000 - 0x00007fffcdbcd000 	C:\Windows\System32\USER32.dll
0x00007fffb8d00000 - 0x00007fffb8f9a000 	C:\Windows\WinSxS\amd64_microsoft.windows.common-controls_6595b64144ccf1df_6.0.19041.5794_none_60bcd33171f2783c\COMCTL32.dll
0x00007fffcbc90000 - 0x00007fffcbcb2000 	C:\Windows\System32\win32u.dll
0x00007fffcc750000 - 0x00007fffcc7ee000 	C:\Windows\System32\msvcrt.dll
0x00007fffce180000 - 0x00007fffce1ab000 	C:\Windows\System32\GDI32.dll
0x00007fffcc430000 - 0x00007fffcc54a000 	C:\Windows\System32\gdi32full.dll
0x00007fffcc550000 - 0x00007fffcc5ed000 	C:\Windows\System32\msvcp_win.dll
0x00007fffcda00000 - 0x00007fffcda2f000 	C:\Windows\System32\IMM32.DLL
0x00007fffc7880000 - 0x00007fffc788c000 	C:\Users\lenovo\.p2\pool\plugins\org.eclipse.justj.openjdk.hotspot.jre.full.win32.x86_64_23.0.0.v20240919-1706\jre\bin\vcruntime140_1.dll
0x00007fffa0350000 - 0x00007fffa03de000 	C:\Users\lenovo\.p2\pool\plugins\org.eclipse.justj.openjdk.hotspot.jre.full.win32.x86_64_23.0.0.v20240919-1706\jre\bin\msvcp140.dll
0x00007fff69190000 - 0x00007fff69f5d000 	C:\Users\lenovo\.p2\pool\plugins\org.eclipse.justj.openjdk.hotspot.jre.full.win32.x86_64_23.0.0.v20240919-1706\jre\bin\server\jvm.dll
0x00007fffcd880000 - 0x00007fffcd92f000 	C:\Windows\System32\ADVAPI32.dll
0x00007fffcd260000 - 0x00007fffcd2ff000 	C:\Windows\System32\sechost.dll
0x00007fffcc800000 - 0x00007fffcc923000 	C:\Windows\System32\RPCRT4.dll
0x00007fffcc5f0000 - 0x00007fffcc617000 	C:\Windows\System32\bcrypt.dll
0x00007fffce540000 - 0x00007fffce5ab000 	C:\Windows\System32\WS2_32.dll
0x00007fffcbaf0000 - 0x00007fffcbb3b000 	C:\Windows\SYSTEM32\POWRPROF.dll
0x00007fffc2200000 - 0x00007fffc220a000 	C:\Windows\SYSTEM32\VERSION.dll
0x00007fffc0660000 - 0x00007fffc0687000 	C:\Windows\SYSTEM32\WINMM.dll
0x00007fffcbad0000 - 0x00007fffcbae2000 	C:\Windows\SYSTEM32\UMPDC.dll
0x00007fffc9b10000 - 0x00007fffc9b22000 	C:\Windows\SYSTEM32\kernel.appcore.dll
0x00007fffc78a0000 - 0x00007fffc78aa000 	C:\Users\lenovo\.p2\pool\plugins\org.eclipse.justj.openjdk.hotspot.jre.full.win32.x86_64_23.0.0.v20240919-1706\jre\bin\jimage.dll
0x00007fffc4530000 - 0x00007fffc4714000 	C:\Windows\SYSTEM32\DBGHELP.DLL
0x00007fffb8fa0000 - 0x00007fffb8fd4000 	C:\Windows\SYSTEM32\dbgcore.DLL
0x00007fffcbcc0000 - 0x00007fffcbd42000 	C:\Windows\System32\bcryptPrimitives.dll
0x00007fffc0130000 - 0x00007fffc014e000 	C:\Users\lenovo\.p2\pool\plugins\org.eclipse.justj.openjdk.hotspot.jre.full.win32.x86_64_23.0.0.v20240919-1706\jre\bin\java.dll
0x00007fffcdbd0000 - 0x00007fffcdcfb000 	C:\Windows\System32\ole32.dll
0x00007fffcdd00000 - 0x00007fffce053000 	C:\Windows\System32\combase.dll
0x00007fffccaf0000 - 0x00007fffcd25e000 	C:\Windows\System32\SHELL32.dll
0x00007fffc9d10000 - 0x00007fffca4b3000 	C:\Windows\SYSTEM32\windows.storage.dll
0x00007fffcb5f0000 - 0x00007fffcb61b000 	C:\Windows\SYSTEM32\Wldp.dll
0x00007fffcca20000 - 0x00007fffccaed000 	C:\Windows\System32\OLEAUT32.dll
0x00007fffcd360000 - 0x00007fffcd40d000 	C:\Windows\System32\SHCORE.dll
0x00007fffce4e0000 - 0x00007fffce535000 	C:\Windows\System32\shlwapi.dll
0x00007fffcbbc0000 - 0x00007fffcbbe5000 	C:\Windows\SYSTEM32\profapi.dll
0x00007fffb4210000 - 0x00007fffb4220000 	C:\Users\lenovo\.p2\pool\plugins\org.eclipse.justj.openjdk.hotspot.jre.full.win32.x86_64_23.0.0.v20240919-1706\jre\bin\net.dll
0x00007fffcb350000 - 0x00007fffcb3bc000 	C:\Windows\system32\mswsock.dll
0x00007fff981b0000 - 0x00007fff981c6000 	C:\Users\lenovo\.p2\pool\plugins\org.eclipse.justj.openjdk.hotspot.jre.full.win32.x86_64_23.0.0.v20240919-1706\jre\bin\nio.dll
0x00007fffa03e0000 - 0x00007fffa03f7000 	C:\Users\lenovo\.p2\pool\plugins\org.eclipse.justj.openjdk.hotspot.jre.full.win32.x86_64_23.0.0.v20240919-1706\jre\bin\zip.dll
0x00007fffc7750000 - 0x00007fffc775a000 	C:\Users\lenovo\.p2\pool\plugins\org.eclipse.justj.openjdk.hotspot.jre.full.win32.x86_64_23.0.0.v20240919-1706\jre\bin\management.dll
0x00007fffc4240000 - 0x00007fffc424b000 	C:\Users\lenovo\.p2\pool\plugins\org.eclipse.justj.openjdk.hotspot.jre.full.win32.x86_64_23.0.0.v20240919-1706\jre\bin\management_ext.dll
0x00007fffcc9b0000 - 0x00007fffcc9b8000 	C:\Windows\System32\PSAPI.DLL
0x00007fffc7cc0000 - 0x00007fffc7cd0000 	C:\Users\lenovo\.p2\pool\plugins\org.eclipse.justj.openjdk.hotspot.jre.full.win32.x86_64_23.0.0.v20240919-1706\jre\bin\verify.dll
0x00007fffcb550000 - 0x00007fffcb568000 	C:\Windows\SYSTEM32\CRYPTSP.dll
0x00007fffcac70000 - 0x00007fffcaca8000 	C:\Windows\system32\rsaenh.dll
0x00007fffcbb80000 - 0x00007fffcbbae000 	C:\Windows\SYSTEM32\USERENV.dll
0x00007fffcb540000 - 0x00007fffcb54c000 	C:\Windows\SYSTEM32\CRYPTBASE.dll
0x00007fffcb030000 - 0x00007fffcb06b000 	C:\Windows\SYSTEM32\IPHLPAPI.DLL
0x00007fffce1b0000 - 0x00007fffce1b8000 	C:\Windows\System32\NSI.dll
0x00007fff84670000 - 0x00007fff84687000 	C:\Windows\system32\napinsp.dll
0x00007fff84620000 - 0x00007fff8463b000 	C:\Windows\system32\pnrpnsp.dll
0x00007fffc8150000 - 0x00007fffc8165000 	C:\Windows\system32\wshbth.dll
0x00007fffc7670000 - 0x00007fffc768d000 	C:\Windows\system32\NLAapi.dll
0x00007fffcb070000 - 0x00007fffcb13a000 	C:\Windows\SYSTEM32\DNSAPI.dll
0x00007fff840a0000 - 0x00007fff840b2000 	C:\Windows\System32\winrnr.dll
0x00007fffbbe10000 - 0x00007fffbbe1a000 	C:\Windows\System32\rasadhlp.dll
0x00007fffbbe70000 - 0x00007fffbbef0000 	C:\Windows\System32\fwpuclnt.dll
0x00007fffc0b80000 - 0x00007fffc0b89000 	C:\Users\lenovo\.p2\pool\plugins\org.eclipse.justj.openjdk.hotspot.jre.full.win32.x86_64_23.0.0.v20240919-1706\jre\bin\extnet.dll

dbghelp: loaded successfully - version: 4.0.5 - missing functions: none
symbol engine: initialized successfully - sym options: 0x614 - pdb path: .;C:\Users\lenovo\.p2\pool\plugins\org.eclipse.justj.openjdk.hotspot.jre.full.win32.x86_64_23.0.0.v20240919-1706\jre\bin;C:\Windows\SYSTEM32;C:\Windows\WinSxS\amd64_microsoft.windows.common-controls_6595b64144ccf1df_6.0.19041.5794_none_60bcd33171f2783c;C:\Users\lenovo\.p2\pool\plugins\org.eclipse.justj.openjdk.hotspot.jre.full.win32.x86_64_23.0.0.v20240919-1706\jre\bin\server

VM Arguments:
java_command: C:\Users\lenovo\AppData\Local\Temp\surefire2475979346510745473\surefirebooter-20250516163313523_3.jar C:\Users\lenovo\AppData\Local\Temp\surefire2475979346510745473 2025-05-16T16-33-11_782-jvmRun1 surefire-20250516163313523_1tmp surefire_0-20250516163313523_2tmp
java_class_path (initial): C:\Users\lenovo\AppData\Local\Temp\surefire2475979346510745473\surefirebooter-20250516163313523_3.jar
Launcher Type: SUN_STANDARD

[Global flags]
     intx CICompilerCount                          = 4                                         {product} {ergonomic}
     uint ConcGCThreads                            = 3                                         {product} {ergonomic}
     uint G1ConcRefinementThreads                  = 10                                        {product} {ergonomic}
   size_t G1HeapRegionSize                         = 1048576                                   {product} {ergonomic}
   size_t InitialHeapSize                          = 98566144                                  {product} {ergonomic}
   size_t MarkStackSize                            = 4194304                                   {product} {ergonomic}
   size_t MarkStackSizeMax                         = 536870912                                 {product} {ergonomic}
   size_t MaxHeapSize                              = 1574961152                                {product} {ergonomic}
   size_t MaxNewSize                               = 944766976                                 {product} {ergonomic}
   size_t MinHeapDeltaBytes                        = 1048576                                   {product} {ergonomic}
   size_t MinHeapSize                              = 8388608                                   {product} {ergonomic}
    uintx NonNMethodCodeHeapSize                   = 5832704                                {pd product} {ergonomic}
    uintx NonProfiledCodeHeapSize                  = 122945536                              {pd product} {ergonomic}
    uintx ProfiledCodeHeapSize                     = 122880000                              {pd product} {ergonomic}
    uintx ReservedCodeCacheSize                    = 251658240                              {pd product} {ergonomic}
     bool SegmentedCodeCache                       = true                                      {product} {ergonomic}
   size_t SoftMaxHeapSize                          = 1574961152                             {manageable} {ergonomic}
     bool UseCompressedOops                        = true                           {product lp64_product} {ergonomic}
     bool UseG1GC                                  = true                                      {product} {ergonomic}
     bool UseLargePagesIndividualAllocation        = false                                  {pd product} {ergonomic}

Logging:
Log output configuration:
 #0: stdout all=warning uptime,level,tags foldmultilines=false
 #1: stderr all=off uptime,level,tags foldmultilines=false

Environment Variables:
JAVA_HOME=C:\Program Files\Java\jdk-21
PATH=C:/Users/lenovo/.p2/pool/plugins/org.eclipse.justj.openjdk.hotspot.jre.full.win32.x86_64_23.0.0.v20240919-1706/jre/bin/server;C:/Users/lenovo/.p2/pool/plugins/org.eclipse.justj.openjdk.hotspot.jre.full.win32.x86_64_23.0.0.v20240919-1706/jre/bin;C:\Python313\Scripts\;C:\Python313\;C:\Program Files\Common Files\Oracle\Java\javapath;C:\Program Files (x86)\Common Files\Oracle\Java\java8path;C:\Program Files (x86)\Common Files\Oracle\Java\javapath;C:\Windows\system32;C:\Windows;C:\Windows\System32\Wbem;C:\Windows\System32\WindowsPowerShell\v1.0\;C:\Windows\System32\OpenSSH\;C:\Program Files\Git\cmd;C:\Program Files\Java\jdk-21;C:\Program Files\nodejs\;C:\ProgramData\chocolatey\bin;C:\Program Files\nodejs\;C:\Users\lenovo\AppData\Roaming\npm;C:\Users\lenovo\AppData\Local\Microsoft\WindowsApps;C:\Users\lenovo\AppData\Local\GitHubDesktop\bin;C:\Users\lenovo\Desktop\sqlite-tools;C:\Users\lenovo\AppData\Local\Programs\Microsoft VS Code\bin;C:\Program Files\Java\jdk-21;C:\Users\lenovo\AppData\Roaming\npm;C:\Program Files\nodejs\;C:\Users\lenovo\AppData\Roaming\npm;;C:\Windows\System32;
USERNAME=lenovo
OS=Windows_NT
PROCESSOR_IDENTIFIER=AMD64 Family 23 Model 104 Stepping 1, AuthenticAMD
TMP=C:\Users\lenovo\AppData\Local\Temp
TEMP=C:\Users\lenovo\AppData\Local\Temp




Periodic native trim disabled

---------------  S Y S T E M  ---------------

OS:
 Windows 10 , 64 bit Build 19041 (10.0.19041.5794)
OS uptime: 1 days 18:00 hours

CPU: total 12 (initial active 12) (12 cores per cpu, 2 threads per core) family 23 model 104 stepping 1 microcode 0x0, cx8, cmov, fxsr, ht, mmx, 3dnowpref, sse, sse2, sse3, ssse3, sse4a, sse4.1, sse4.2, popcnt, lzcnt, tsc, tscinvbit, avx, avx2, aes, clmul, bmi1, bmi2, adx, sha, fma, vzeroupper, clflush, clflushopt, rdtscp, rdpid, f16c
Processor Information for the first 12 processors :
  Max Mhz: 2100, Current Mhz: 2100, Mhz Limit: 2100

Memory: 4k page, system-wide physical 6005M (86M free)
TotalPageFile size 24437M (AvailPageFile size 4M)
current process WorkingSet (physical memory assigned to process): 130M, peak: 132M
current process commit charge ("private bytes"): 232M, peak: 233M

vm_info: OpenJDK 64-Bit Server VM (23+37) for windows-amd64 JRE (23+37), built on 2024-09-17T00:00:00Z with MS VC++ 17.7 (VS2022)

END.
